Build output check failed:
    Regex: 'argument .* is not valid'
    Output line: 'cc1: warning: ‘-Werror=’ argument ‘-Werror=non-virtual-dtor’ is not valid for C'
Compilation failed:
    source file: '/home/kanishk/Desktop/Autopilot/build/CMakeFiles/CMakeTmp/src.c'
    check option: ' -fsigned-char -W -Wall -Werror=return-type  -Werror=non-virtual-dtor'
===== BUILD LOG =====
Change Dir: /home/kanishk/Desktop/Autopilot/build/CMakeFiles/CMakeTmp

Run Build Command:"/usr/bin/make" "cmTC_d778e/fast"
/usr/bin/make -f CMakeFiles/cmTC_d778e.dir/build.make CMakeFiles/cmTC_d778e.dir/build
make[1]: Entering directory '/home/kanishk/Desktop/Autopilot/build/CMakeFiles/CMakeTmp'
Building C object CMakeFiles/cmTC_d778e.dir/src.c.o
/usr/bin/cc   -O3 -DNDEBUG -fPIE   -fsigned-char -W -Wall -Werror=return-type -Werror=non-virtual-dtor -o CMakeFiles/cmTC_d778e.dir/src.c.o   -c /home/kanishk/Desktop/Autopilot/build/CMakeFiles/CMakeTmp/src.c
cc1: warning: ‘-Werror=’ argument ‘-Werror=non-virtual-dtor’ is not valid for C
/home/kanishk/Desktop/Autopilot/build/CMakeFiles/CMakeTmp/src.c:1:0: warning: ignoring #pragma   [-Wunknown-pragmas]
 #pragma
 
Linking C executable cmTC_d778e
/usr/bin/cmake -E cmake_link_script CMakeFiles/cmTC_d778e.dir/link.txt --verbose=1
/usr/bin/cc   -O3 -DNDEBUG    CMakeFiles/cmTC_d778e.dir/src.c.o  -o cmTC_d778e 
make[1]: Leaving directory '/home/kanishk/Desktop/Autopilot/build/CMakeFiles/CMakeTmp'

===== END =====

Build output check failed:
    Regex: 'command[- ]line option .* is valid for .* but not for C\+\+'
    Output line: 'cc1plus: warning: command line option ‘-Wmissing-prototypes’ is valid for C/ObjC but not for C++'
Compilation failed:
    source file: '/home/kanishk/Desktop/Autopilot/build/CMakeFiles/CMakeTmp/src.cxx'
    check option: ' -fsigned-char -W -Wall -Werror=return-type -Werror=non-virtual-dtor -Werror=address -Werror=sequence-point -Wformat -Werror=format-security -Wmissing-declarations  -Wmissing-prototypes'
===== BUILD LOG =====
Change Dir: /home/kanishk/Desktop/Autopilot/build/CMakeFiles/CMakeTmp

Run Build Command:"/usr/bin/make" "cmTC_57d8f/fast"
/usr/bin/make -f CMakeFiles/cmTC_57d8f.dir/build.make CMakeFiles/cmTC_57d8f.dir/build
make[1]: Entering directory '/home/kanishk/Desktop/Autopilot/build/CMakeFiles/CMakeTmp'
Building CXX object CMakeFiles/cmTC_57d8f.dir/src.cxx.o
/usr/bin/c++    -O3 -DNDEBUG -fPIE   -fsigned-char -W -Wall -Werror=return-type -Werror=non-virtual-dtor -Werror=address -Werror=sequence-point -Wformat -Werror=format-security -Wmissing-declarations -Wmissing-prototypes -std=c++11 -o CMakeFiles/cmTC_57d8f.dir/src.cxx.o -c /home/kanishk/Desktop/Autopilot/build/CMakeFiles/CMakeTmp/src.cxx
cc1plus: warning: command line option ‘-Wmissing-prototypes’ is valid for C/ObjC but not for C++
/home/kanishk/Desktop/Autopilot/build/CMakeFiles/CMakeTmp/src.cxx:1:0: warning: ignoring #pragma   [-Wunknown-pragmas]
 #pragma
 
Linking CXX executable cmTC_57d8f
/usr/bin/cmake -E cmake_link_script CMakeFiles/cmTC_57d8f.dir/link.txt --verbose=1
/usr/bin/c++    -O3 -DNDEBUG    CMakeFiles/cmTC_57d8f.dir/src.cxx.o  -o cmTC_57d8f 
make[1]: Leaving directory '/home/kanishk/Desktop/Autopilot/build/CMakeFiles/CMakeTmp'

===== END =====

Build output check failed:
    Regex: 'command[- ]line option .* is valid for .* but not for C\+\+'
    Output line: 'cc1plus: warning: command line option ‘-Wstrict-prototypes’ is valid for C/ObjC but not for C++'
Compilation failed:
    source file: '/home/kanishk/Desktop/Autopilot/build/CMakeFiles/CMakeTmp/src.cxx'
    check option: ' -fsigned-char -W -Wall -Werror=return-type -Werror=non-virtual-dtor -Werror=address -Werror=sequence-point -Wformat -Werror=format-security -Wmissing-declarations  -Wstrict-prototypes'
===== BUILD LOG =====
Change Dir: /home/kanishk/Desktop/Autopilot/build/CMakeFiles/CMakeTmp

Run Build Command:"/usr/bin/make" "cmTC_32222/fast"
/usr/bin/make -f CMakeFiles/cmTC_32222.dir/build.make CMakeFiles/cmTC_32222.dir/build
make[1]: Entering directory '/home/kanishk/Desktop/Autopilot/build/CMakeFiles/CMakeTmp'
Building CXX object CMakeFiles/cmTC_32222.dir/src.cxx.o
/usr/bin/c++    -O3 -DNDEBUG -fPIE   -fsigned-char -W -Wall -Werror=return-type -Werror=non-virtual-dtor -Werror=address -Werror=sequence-point -Wformat -Werror=format-security -Wmissing-declarations -Wstrict-prototypes -std=c++11 -o CMakeFiles/cmTC_32222.dir/src.cxx.o -c /home/kanishk/Desktop/Autopilot/build/CMakeFiles/CMakeTmp/src.cxx
cc1plus: warning: command line option ‘-Wstrict-prototypes’ is valid for C/ObjC but not for C++
/home/kanishk/Desktop/Autopilot/build/CMakeFiles/CMakeTmp/src.cxx:1:0: warning: ignoring #pragma   [-Wunknown-pragmas]
 #pragma
 
Linking CXX executable cmTC_32222
/usr/bin/cmake -E cmake_link_script CMakeFiles/cmTC_32222.dir/link.txt --verbose=1
/usr/bin/c++    -O3 -DNDEBUG    CMakeFiles/cmTC_32222.dir/src.cxx.o  -o cmTC_32222 
make[1]: Leaving directory '/home/kanishk/Desktop/Autopilot/build/CMakeFiles/CMakeTmp'

===== END =====

Build output check failed:
    Regex: 'command[- ]line option .* is valid for .* but not for C'
    Output line: 'cc1: warning: command line option ‘-Wsign-promo’ is valid for C++/ObjC++ but not for C'
Compilation failed:
    source file: '/home/kanishk/Desktop/Autopilot/build/CMakeFiles/CMakeTmp/src.c'
    check option: ' -fsigned-char -W -Wall -Werror=return-type -Werror=address -Werror=sequence-point -Wformat -Werror=format-security -Wmissing-declarations -Wmissing-prototypes -Wstrict-prototypes -Wundef -Winit-self -Wpointer-arith -Wshadow  -Wsign-promo'
===== BUILD LOG =====
Change Dir: /home/kanishk/Desktop/Autopilot/build/CMakeFiles/CMakeTmp

Run Build Command:"/usr/bin/make" "cmTC_03e6f/fast"
/usr/bin/make -f CMakeFiles/cmTC_03e6f.dir/build.make CMakeFiles/cmTC_03e6f.dir/build
make[1]: Entering directory '/home/kanishk/Desktop/Autopilot/build/CMakeFiles/CMakeTmp'
Building C object CMakeFiles/cmTC_03e6f.dir/src.c.o
/usr/bin/cc   -O3 -DNDEBUG -fPIE   -fsigned-char -W -Wall -Werror=return-type -Werror=address -Werror=sequence-point -Wformat -Werror=format-security -Wmissing-declarations -Wmissing-prototypes -Wstrict-prototypes -Wundef -Winit-self -Wpointer-arith -Wshadow -Wsign-promo -o CMakeFiles/cmTC_03e6f.dir/src.c.o   -c /home/kanishk/Desktop/Autopilot/build/CMakeFiles/CMakeTmp/src.c
cc1: warning: command line option ‘-Wsign-promo’ is valid for C++/ObjC++ but not for C
/home/kanishk/Desktop/Autopilot/build/CMakeFiles/CMakeTmp/src.c:1:0: warning: ignoring #pragma   [-Wunknown-pragmas]
 #pragma
 
Linking C executable cmTC_03e6f
/usr/bin/cmake -E cmake_link_script CMakeFiles/cmTC_03e6f.dir/link.txt --verbose=1
/usr/bin/cc   -O3 -DNDEBUG    CMakeFiles/cmTC_03e6f.dir/src.c.o  -o cmTC_03e6f 
make[1]: Leaving directory '/home/kanishk/Desktop/Autopilot/build/CMakeFiles/CMakeTmp'

===== END =====

Build output check failed:
    Regex: 'command[- ]line option .* is valid for .* but not for C'
    Output line: 'cc1: warning: command line option ‘-Wsuggest-override’ is valid for C++/ObjC++ but not for C'
Compilation failed:
    source file: '/home/kanishk/Desktop/Autopilot/build/CMakeFiles/CMakeTmp/src.c'
    check option: ' -fsigned-char -W -Wall -Werror=return-type -Werror=address -Werror=sequence-point -Wformat -Werror=format-security -Wmissing-declarations -Wmissing-prototypes -Wstrict-prototypes -Wundef -Winit-self -Wpointer-arith -Wshadow -Wuninitialized  -Wsuggest-override'
===== BUILD LOG =====
Change Dir: /home/kanishk/Desktop/Autopilot/build/CMakeFiles/CMakeTmp

Run Build Command:"/usr/bin/make" "cmTC_1caef/fast"
/usr/bin/make -f CMakeFiles/cmTC_1caef.dir/build.make CMakeFiles/cmTC_1caef.dir/build
make[1]: Entering directory '/home/kanishk/Desktop/Autopilot/build/CMakeFiles/CMakeTmp'
Building C object CMakeFiles/cmTC_1caef.dir/src.c.o
/usr/bin/cc   -O3 -DNDEBUG -fPIE   -fsigned-char -W -Wall -Werror=return-type -Werror=address -Werror=sequence-point -Wformat -Werror=format-security -Wmissing-declarations -Wmissing-prototypes -Wstrict-prototypes -Wundef -Winit-self -Wpointer-arith -Wshadow -Wuninitialized -Wsuggest-override -o CMakeFiles/cmTC_1caef.dir/src.c.o   -c /home/kanishk/Desktop/Autopilot/build/CMakeFiles/CMakeTmp/src.c
cc1: warning: command line option ‘-Wsuggest-override’ is valid for C++/ObjC++ but not for C
/home/kanishk/Desktop/Autopilot/build/CMakeFiles/CMakeTmp/src.c:1:0: warning: ignoring #pragma   [-Wunknown-pragmas]
 #pragma
 
Linking C executable cmTC_1caef
/usr/bin/cmake -E cmake_link_script CMakeFiles/cmTC_1caef.dir/link.txt --verbose=1
/usr/bin/cc   -O3 -DNDEBUG    CMakeFiles/cmTC_1caef.dir/src.c.o  -o cmTC_1caef 
make[1]: Leaving directory '/home/kanishk/Desktop/Autopilot/build/CMakeFiles/CMakeTmp'

===== END =====

Build output check failed:
    Regex: 'command[- ]line option .* is valid for .* but not for C'
    Output line: 'cc1: warning: command line option ‘-Wno-delete-non-virtual-dtor’ is valid for C++/ObjC++ but not for C'
Compilation failed:
    source file: '/home/kanishk/Desktop/Autopilot/build/CMakeFiles/CMakeTmp/src.c'
    check option: ' -fsigned-char -W -Wall -Werror=return-type -Werror=address -Werror=sequence-point -Wformat -Werror=format-security -Wmissing-declarations -Wmissing-prototypes -Wstrict-prototypes -Wundef -Winit-self -Wpointer-arith -Wshadow -Wuninitialized  -Wno-delete-non-virtual-dtor'
===== BUILD LOG =====
Change Dir: /home/kanishk/Desktop/Autopilot/build/CMakeFiles/CMakeTmp

Run Build Command:"/usr/bin/make" "cmTC_6128c/fast"
/usr/bin/make -f CMakeFiles/cmTC_6128c.dir/build.make CMakeFiles/cmTC_6128c.dir/build
make[1]: Entering directory '/home/kanishk/Desktop/Autopilot/build/CMakeFiles/CMakeTmp'
Building C object CMakeFiles/cmTC_6128c.dir/src.c.o
/usr/bin/cc   -O3 -DNDEBUG -fPIE   -fsigned-char -W -Wall -Werror=return-type -Werror=address -Werror=sequence-point -Wformat -Werror=format-security -Wmissing-declarations -Wmissing-prototypes -Wstrict-prototypes -Wundef -Winit-self -Wpointer-arith -Wshadow -Wuninitialized -Wno-delete-non-virtual-dtor -o CMakeFiles/cmTC_6128c.dir/src.c.o   -c /home/kanishk/Desktop/Autopilot/build/CMakeFiles/CMakeTmp/src.c
cc1: warning: command line option ‘-Wno-delete-non-virtual-dtor’ is valid for C++/ObjC++ but not for C
/home/kanishk/Desktop/Autopilot/build/CMakeFiles/CMakeTmp/src.c:1:0: warning: ignoring #pragma   [-Wunknown-pragmas]
 #pragma
 
Linking C executable cmTC_6128c
/usr/bin/cmake -E cmake_link_script CMakeFiles/cmTC_6128c.dir/link.txt --verbose=1
/usr/bin/cc   -O3 -DNDEBUG    CMakeFiles/cmTC_6128c.dir/src.c.o  -o cmTC_6128c 
make[1]: Leaving directory '/home/kanishk/Desktop/Autopilot/build/CMakeFiles/CMakeTmp'

===== END =====

Build output check failed:
    Regex: 'unrecognized .*option'
    Output line: 'cc1plus: warning: unrecognized command line option ‘-Wno-unnamed-type-template-args’'
Compilation failed:
    source file: '/home/kanishk/Desktop/Autopilot/build/CMakeFiles/CMakeTmp/src.cxx'
    check option: ' -fsigned-char -W -Wall -Werror=return-type -Werror=non-virtual-dtor -Werror=address -Werror=sequence-point -Wformat -Werror=format-security -Wmissing-declarations -Wundef -Winit-self -Wpointer-arith -Wshadow -Wsign-promo -Wuninitialized -Wsuggest-override -Wno-delete-non-virtual-dtor  -Wno-unnamed-type-template-args'
===== BUILD LOG =====
Change Dir: /home/kanishk/Desktop/Autopilot/build/CMakeFiles/CMakeTmp

Run Build Command:"/usr/bin/make" "cmTC_b0c72/fast"
/usr/bin/make -f CMakeFiles/cmTC_b0c72.dir/build.make CMakeFiles/cmTC_b0c72.dir/build
make[1]: Entering directory '/home/kanishk/Desktop/Autopilot/build/CMakeFiles/CMakeTmp'
Building CXX object CMakeFiles/cmTC_b0c72.dir/src.cxx.o
/usr/bin/c++    -O3 -DNDEBUG -fPIE   -fsigned-char -W -Wall -Werror=return-type -Werror=non-virtual-dtor -Werror=address -Werror=sequence-point -Wformat -Werror=format-security -Wmissing-declarations -Wundef -Winit-self -Wpointer-arith -Wshadow -Wsign-promo -Wuninitialized -Wsuggest-override -Wno-delete-non-virtual-dtor -Wno-unnamed-type-template-args -std=c++11 -o CMakeFiles/cmTC_b0c72.dir/src.cxx.o -c /home/kanishk/Desktop/Autopilot/build/CMakeFiles/CMakeTmp/src.cxx
/home/kanishk/Desktop/Autopilot/build/CMakeFiles/CMakeTmp/src.cxx:1:0: warning: ignoring #pragma   [-Wunknown-pragmas]
 #pragma
 
cc1plus: warning: unrecognized command line option ‘-Wno-unnamed-type-template-args’
Linking CXX executable cmTC_b0c72
/usr/bin/cmake -E cmake_link_script CMakeFiles/cmTC_b0c72.dir/link.txt --verbose=1
/usr/bin/c++    -O3 -DNDEBUG    CMakeFiles/cmTC_b0c72.dir/src.cxx.o  -o cmTC_b0c72 
make[1]: Leaving directory '/home/kanishk/Desktop/Autopilot/build/CMakeFiles/CMakeTmp'

===== END =====

Build output check failed:
    Regex: 'unrecognized .*option'
    Output line: 'cc1: warning: unrecognized command line option ‘-Wno-unnamed-type-template-args’'
Compilation failed:
    source file: '/home/kanishk/Desktop/Autopilot/build/CMakeFiles/CMakeTmp/src.c'
    check option: ' -fsigned-char -W -Wall -Werror=return-type -Werror=address -Werror=sequence-point -Wformat -Werror=format-security -Wmissing-declarations -Wmissing-prototypes -Wstrict-prototypes -Wundef -Winit-self -Wpointer-arith -Wshadow -Wuninitialized  -Wno-unnamed-type-template-args'
===== BUILD LOG =====
Change Dir: /home/kanishk/Desktop/Autopilot/build/CMakeFiles/CMakeTmp

Run Build Command:"/usr/bin/make" "cmTC_c027a/fast"
/usr/bin/make -f CMakeFiles/cmTC_c027a.dir/build.make CMakeFiles/cmTC_c027a.dir/build
make[1]: Entering directory '/home/kanishk/Desktop/Autopilot/build/CMakeFiles/CMakeTmp'
Building C object CMakeFiles/cmTC_c027a.dir/src.c.o
/usr/bin/cc   -O3 -DNDEBUG -fPIE   -fsigned-char -W -Wall -Werror=return-type -Werror=address -Werror=sequence-point -Wformat -Werror=format-security -Wmissing-declarations -Wmissing-prototypes -Wstrict-prototypes -Wundef -Winit-self -Wpointer-arith -Wshadow -Wuninitialized -Wno-unnamed-type-template-args -o CMakeFiles/cmTC_c027a.dir/src.c.o   -c /home/kanishk/Desktop/Autopilot/build/CMakeFiles/CMakeTmp/src.c
/home/kanishk/Desktop/Autopilot/build/CMakeFiles/CMakeTmp/src.c:1:0: warning: ignoring #pragma   [-Wunknown-pragmas]
 #pragma
 
cc1: warning: unrecognized command line option ‘-Wno-unnamed-type-template-args’
Linking C executable cmTC_c027a
/usr/bin/cmake -E cmake_link_script CMakeFiles/cmTC_c027a.dir/link.txt --verbose=1
/usr/bin/cc   -O3 -DNDEBUG    CMakeFiles/cmTC_c027a.dir/src.c.o  -o cmTC_c027a 
make[1]: Leaving directory '/home/kanishk/Desktop/Autopilot/build/CMakeFiles/CMakeTmp'

===== END =====

Build output check failed:
    Regex: 'command[- ]line option .* is valid for .* but not for C'
    Output line: 'cc1: warning: command line option ‘-fvisibility-inlines-hidden’ is valid for C++/ObjC++ but not for C'
Compilation failed:
    source file: '/home/kanishk/Desktop/Autopilot/build/CMakeFiles/CMakeTmp/src.c'
    check option: ' -fsigned-char -W -Wall -Werror=return-type -Werror=address -Werror=sequence-point -Wformat -Werror=format-security -Wmissing-declarations -Wmissing-prototypes -Wstrict-prototypes -Wundef -Winit-self -Wpointer-arith -Wshadow -Wuninitialized -Wno-comment -Wimplicit-fallthrough=3 -Wno-strict-overflow -fdiagnostics-show-option -Wno-long-long -pthread -fomit-frame-pointer -ffunction-sections -fdata-sections  -msse -msse2 -msse3 -fvisibility=hidden  -fvisibility-inlines-hidden'
===== BUILD LOG =====
Change Dir: /home/kanishk/Desktop/Autopilot/build/CMakeFiles/CMakeTmp

Run Build Command:"/usr/bin/make" "cmTC_a58fc/fast"
/usr/bin/make -f CMakeFiles/cmTC_a58fc.dir/build.make CMakeFiles/cmTC_a58fc.dir/build
make[1]: Entering directory '/home/kanishk/Desktop/Autopilot/build/CMakeFiles/CMakeTmp'
Building C object CMakeFiles/cmTC_a58fc.dir/src.c.o
/usr/bin/cc   -O3 -DNDEBUG -fPIE   -fsigned-char -W -Wall -Werror=return-type -Werror=address -Werror=sequence-point -Wformat -Werror=format-security -Wmissing-declarations -Wmissing-prototypes -Wstrict-prototypes -Wundef -Winit-self -Wpointer-arith -Wshadow -Wuninitialized -Wno-comment -Wimplicit-fallthrough=3 -Wno-strict-overflow -fdiagnostics-show-option -Wno-long-long -pthread -fomit-frame-pointer -ffunction-sections -fdata-sections -msse -msse2 -msse3 -fvisibility=hidden -fvisibility-inlines-hidden -o CMakeFiles/cmTC_a58fc.dir/src.c.o   -c /home/kanishk/Desktop/Autopilot/build/CMakeFiles/CMakeTmp/src.c
cc1: warning: command line option ‘-fvisibility-inlines-hidden’ is valid for C++/ObjC++ but not for C
/home/kanishk/Desktop/Autopilot/build/CMakeFiles/CMakeTmp/src.c:1:0: warning: ignoring #pragma   [-Wunknown-pragmas]
 #pragma
 
Linking C executable cmTC_a58fc
/usr/bin/cmake -E cmake_link_script CMakeFiles/cmTC_a58fc.dir/link.txt --verbose=1
/usr/bin/cc   -O3 -DNDEBUG    CMakeFiles/cmTC_a58fc.dir/src.c.o  -o cmTC_a58fc 
make[1]: Leaving directory '/home/kanishk/Desktop/Autopilot/build/CMakeFiles/CMakeTmp'

===== END =====

Determining size of off64_t failed with the following output:
Change Dir: /home/kanishk/Desktop/Autopilot/build/CMakeFiles/CMakeTmp

Run Build Command:"/usr/bin/make" "cmTC_1196f/fast"
/usr/bin/make -f CMakeFiles/cmTC_1196f.dir/build.make CMakeFiles/cmTC_1196f.dir/build
make[1]: Entering directory '/home/kanishk/Desktop/Autopilot/build/CMakeFiles/CMakeTmp'
Building C object CMakeFiles/cmTC_1196f.dir/OFF64_T.c.o
/usr/bin/cc   -fsigned-char -W -Wall -Werror=return-type -Werror=address -Werror=sequence-point -Wformat -Werror=format-security -Wmissing-declarations -Wmissing-prototypes -Wstrict-prototypes -Wundef -Winit-self -Wpointer-arith -Wshadow -Wuninitialized -Wno-comment -Wimplicit-fallthrough=3 -Wno-strict-overflow -fdiagnostics-show-option -Wno-long-long -pthread -fomit-frame-pointer -ffunction-sections -fdata-sections  -msse -msse2 -msse3 -fvisibility=hidden  -O3 -DNDEBUG  -DNDEBUG -fPIE   -o CMakeFiles/cmTC_1196f.dir/OFF64_T.c.o   -c /home/kanishk/Desktop/Autopilot/build/CMakeFiles/CheckTypeSize/OFF64_T.c
/home/kanishk/Desktop/Autopilot/build/CMakeFiles/CheckTypeSize/OFF64_T.c:23:22: error: ‘off64_t’ undeclared here (not in a function); did you mean ‘off_t’?
 #define SIZE (sizeof(off64_t))
                      ^
/home/kanishk/Desktop/Autopilot/build/CMakeFiles/CheckTypeSize/OFF64_T.c:25:12: note: in expansion of macro ‘SIZE’
   ('0' + ((SIZE / 10000)%10)),
            ^~~~
CMakeFiles/cmTC_1196f.dir/build.make:65: recipe for target 'CMakeFiles/cmTC_1196f.dir/OFF64_T.c.o' failed
make[1]: *** [CMakeFiles/cmTC_1196f.dir/OFF64_T.c.o] Error 1
make[1]: Leaving directory '/home/kanishk/Desktop/Autopilot/build/CMakeFiles/CMakeTmp'
Makefile:126: recipe for target 'cmTC_1196f/fast' failed
make: *** [cmTC_1196f/fast] Error 2

/home/kanishk/Desktop/Autopilot/build/CMakeFiles/CheckTypeSize/OFF64_T.c:
#include <sys/types.h>
#include <stdint.h>
#include <stddef.h>


#undef KEY
#if defined(__i386)
# define KEY '_','_','i','3','8','6'
#elif defined(__x86_64)
# define KEY '_','_','x','8','6','_','6','4'
#elif defined(__ppc__)
# define KEY '_','_','p','p','c','_','_'
#elif defined(__ppc64__)
# define KEY '_','_','p','p','c','6','4','_','_'
#elif defined(__aarch64__)
# define KEY '_','_','a','a','r','c','h','6','4','_','_'
#elif defined(__ARM_ARCH_7A__)
# define KEY '_','_','A','R','M','_','A','R','C','H','_','7','A','_','_'
#elif defined(__ARM_ARCH_7S__)
# define KEY '_','_','A','R','M','_','A','R','C','H','_','7','S','_','_'
#endif

#define SIZE (sizeof(off64_t))
char info_size[] =  {'I', 'N', 'F', 'O', ':', 's','i','z','e','[',
  ('0' + ((SIZE / 10000)%10)),
  ('0' + ((SIZE / 1000)%10)),
  ('0' + ((SIZE / 100)%10)),
  ('0' + ((SIZE / 10)%10)),
  ('0' +  (SIZE    % 10)),
  ']',
#ifdef KEY
  ' ','k','e','y','[', KEY, ']',
#endif
  '\0'};

#ifdef __CLASSIC_C__
int main(argc, argv) int argc; char *argv[];
#else
int main(int argc, char *argv[])
#endif
{
  int require = 0;
  require += info_size[argc];
  (void)argv;
  return require;
}


Build output check failed:
    Regex: 'unrecognized .*option'
    Output line: 'cc1: warning: unrecognized command line option ‘-Wno-shorten-64-to-32’'
Compilation failed:
    source file: '/home/kanishk/Desktop/Autopilot/build/CMakeFiles/CMakeTmp/src.c'
    check option: ' -Wno-shorten-64-to-32'
===== BUILD LOG =====
Change Dir: /home/kanishk/Desktop/Autopilot/build/CMakeFiles/CMakeTmp

Run Build Command:"/usr/bin/make" "cmTC_c9706/fast"
/usr/bin/make -f CMakeFiles/cmTC_c9706.dir/build.make CMakeFiles/cmTC_c9706.dir/build
make[1]: Entering directory '/home/kanishk/Desktop/Autopilot/build/CMakeFiles/CMakeTmp'
Building C object CMakeFiles/cmTC_c9706.dir/src.c.o
/usr/bin/cc   -fsigned-char -W -Wall -Werror=return-type -Werror=address -Werror=sequence-point -Wformat -Werror=format-security -Wmissing-declarations -Wmissing-prototypes -Wstrict-prototypes -Wundef -Winit-self -Wpointer-arith -Wshadow -Wuninitialized -Wno-comment -Wimplicit-fallthrough=3 -Wno-strict-overflow -fdiagnostics-show-option -Wno-long-long -pthread -fomit-frame-pointer -ffunction-sections -fdata-sections  -msse -msse2 -msse3 -fvisibility=hidden  -O3 -DNDEBUG  -DNDEBUG -fPIE   -Wno-shorten-64-to-32 -o CMakeFiles/cmTC_c9706.dir/src.c.o   -c /home/kanishk/Desktop/Autopilot/build/CMakeFiles/CMakeTmp/src.c
/home/kanishk/Desktop/Autopilot/build/CMakeFiles/CMakeTmp/src.c:1:0: warning: ignoring #pragma   [-Wunknown-pragmas]
 #pragma
 
cc1: warning: unrecognized command line option ‘-Wno-shorten-64-to-32’
Linking C executable cmTC_c9706
/usr/bin/cmake -E cmake_link_script CMakeFiles/cmTC_c9706.dir/link.txt --verbose=1
/usr/bin/cc    -fsigned-char -W -Wall -Werror=return-type -Werror=address -Werror=sequence-point -Wformat -Werror=format-security -Wmissing-declarations -Wmissing-prototypes -Wstrict-prototypes -Wundef -Winit-self -Wpointer-arith -Wshadow -Wuninitialized -Wno-comment -Wimplicit-fallthrough=3 -Wno-strict-overflow -fdiagnostics-show-option -Wno-long-long -pthread -fomit-frame-pointer -ffunction-sections -fdata-sections  -msse -msse2 -msse3 -fvisibility=hidden  -O3 -DNDEBUG  -DNDEBUG    -Wl,--gc-sections -Wl,--as-needed  CMakeFiles/cmTC_c9706.dir/src.c.o  -o cmTC_c9706 
make[1]: Leaving directory '/home/kanishk/Desktop/Autopilot/build/CMakeFiles/CMakeTmp'

===== END =====

Determining if the include file io.h exists failed with the following output:
Change Dir: /home/kanishk/Desktop/Autopilot/build/CMakeFiles/CMakeTmp

Run Build Command:"/usr/bin/make" "cmTC_279db/fast"
/usr/bin/make -f CMakeFiles/cmTC_279db.dir/build.make CMakeFiles/cmTC_279db.dir/build
make[1]: Entering directory '/home/kanishk/Desktop/Autopilot/build/CMakeFiles/CMakeTmp'
Building C object CMakeFiles/cmTC_279db.dir/CheckIncludeFile.c.o
/usr/bin/cc   -fsigned-char -W -Wall -Werror=return-type -Werror=address -Werror=sequence-point -Wformat -Werror=format-security -Wmissing-declarations -Wmissing-prototypes -Wstrict-prototypes -Wundef -Winit-self -Wpointer-arith -Wshadow -Wuninitialized -Wno-comment -Wimplicit-fallthrough=3 -Wno-strict-overflow -fdiagnostics-show-option -Wno-long-long -pthread -fomit-frame-pointer -ffunction-sections -fdata-sections  -msse -msse2 -msse3 -fvisibility=hidden  -O3 -DNDEBUG  -DNDEBUG -fPIE   -o CMakeFiles/cmTC_279db.dir/CheckIncludeFile.c.o   -c /home/kanishk/Desktop/Autopilot/build/CMakeFiles/CMakeTmp/CheckIncludeFile.c
/home/kanishk/Desktop/Autopilot/build/CMakeFiles/CMakeTmp/CheckIncludeFile.c:1:10: fatal error: io.h: No such file or directory
 #include <io.h>
          ^~~~~~
compilation terminated.
CMakeFiles/cmTC_279db.dir/build.make:65: recipe for target 'CMakeFiles/cmTC_279db.dir/CheckIncludeFile.c.o' failed
make[1]: *** [CMakeFiles/cmTC_279db.dir/CheckIncludeFile.c.o] Error 1
make[1]: Leaving directory '/home/kanishk/Desktop/Autopilot/build/CMakeFiles/CMakeTmp'
Makefile:126: recipe for target 'cmTC_279db/fast' failed
make: *** [cmTC_279db/fast] Error 2


Determining size of INT8 failed with the following output:
Change Dir: /home/kanishk/Desktop/Autopilot/build/CMakeFiles/CMakeTmp

Run Build Command:"/usr/bin/make" "cmTC_0ce40/fast"
/usr/bin/make -f CMakeFiles/cmTC_0ce40.dir/build.make CMakeFiles/cmTC_0ce40.dir/build
make[1]: Entering directory '/home/kanishk/Desktop/Autopilot/build/CMakeFiles/CMakeTmp'
Building C object CMakeFiles/cmTC_0ce40.dir/int8.c.o
/usr/bin/cc   -fsigned-char -W -Wall -Werror=return-type -Werror=address -Werror=sequence-point -Wformat -Werror=format-security -Wmissing-declarations -Wmissing-prototypes -Wstrict-prototypes -Wundef -Winit-self -Wpointer-arith -Wshadow -Wuninitialized -Wno-comment -Wimplicit-fallthrough=3 -Wno-strict-overflow -fdiagnostics-show-option -Wno-long-long -pthread -fomit-frame-pointer -ffunction-sections -fdata-sections  -msse -msse2 -msse3 -fvisibility=hidden  -O3 -DNDEBUG  -DNDEBUG -fPIE   -o CMakeFiles/cmTC_0ce40.dir/int8.c.o   -c /home/kanishk/Desktop/Autopilot/build/CMakeFiles/CheckTypeSize/int8.c
/home/kanishk/Desktop/Autopilot/build/CMakeFiles/CheckTypeSize/int8.c:23:22: error: ‘INT8’ undeclared here (not in a function); did you mean ‘INT8_C’?
 #define SIZE (sizeof(INT8))
                      ^
/home/kanishk/Desktop/Autopilot/build/CMakeFiles/CheckTypeSize/int8.c:25:12: note: in expansion of macro ‘SIZE’
   ('0' + ((SIZE / 10000)%10)),
            ^~~~
CMakeFiles/cmTC_0ce40.dir/build.make:65: recipe for target 'CMakeFiles/cmTC_0ce40.dir/int8.c.o' failed
make[1]: *** [CMakeFiles/cmTC_0ce40.dir/int8.c.o] Error 1
make[1]: Leaving directory '/home/kanishk/Desktop/Autopilot/build/CMakeFiles/CMakeTmp'
Makefile:126: recipe for target 'cmTC_0ce40/fast' failed
make: *** [cmTC_0ce40/fast] Error 2

/home/kanishk/Desktop/Autopilot/build/CMakeFiles/CheckTypeSize/int8.c:
#include <sys/types.h>
#include <stdint.h>
#include <stddef.h>


#undef KEY
#if defined(__i386)
# define KEY '_','_','i','3','8','6'
#elif defined(__x86_64)
# define KEY '_','_','x','8','6','_','6','4'
#elif defined(__ppc__)
# define KEY '_','_','p','p','c','_','_'
#elif defined(__ppc64__)
# define KEY '_','_','p','p','c','6','4','_','_'
#elif defined(__aarch64__)
# define KEY '_','_','a','a','r','c','h','6','4','_','_'
#elif defined(__ARM_ARCH_7A__)
# define KEY '_','_','A','R','M','_','A','R','C','H','_','7','A','_','_'
#elif defined(__ARM_ARCH_7S__)
# define KEY '_','_','A','R','M','_','A','R','C','H','_','7','S','_','_'
#endif

#define SIZE (sizeof(INT8))
char info_size[] =  {'I', 'N', 'F', 'O', ':', 's','i','z','e','[',
  ('0' + ((SIZE / 10000)%10)),
  ('0' + ((SIZE / 1000)%10)),
  ('0' + ((SIZE / 100)%10)),
  ('0' + ((SIZE / 10)%10)),
  ('0' +  (SIZE    % 10)),
  ']',
#ifdef KEY
  ' ','k','e','y','[', KEY, ']',
#endif
  '\0'};

#ifdef __CLASSIC_C__
int main(argc, argv) int argc; char *argv[];
#else
int main(int argc, char *argv[])
#endif
{
  int require = 0;
  require += info_size[argc];
  (void)argv;
  return require;
}


Determining size of INT16 failed with the following output:
Change Dir: /home/kanishk/Desktop/Autopilot/build/CMakeFiles/CMakeTmp

Run Build Command:"/usr/bin/make" "cmTC_57235/fast"
/usr/bin/make -f CMakeFiles/cmTC_57235.dir/build.make CMakeFiles/cmTC_57235.dir/build
make[1]: Entering directory '/home/kanishk/Desktop/Autopilot/build/CMakeFiles/CMakeTmp'
Building C object CMakeFiles/cmTC_57235.dir/int16.c.o
/usr/bin/cc   -fsigned-char -W -Wall -Werror=return-type -Werror=address -Werror=sequence-point -Wformat -Werror=format-security -Wmissing-declarations -Wmissing-prototypes -Wstrict-prototypes -Wundef -Winit-self -Wpointer-arith -Wshadow -Wuninitialized -Wno-comment -Wimplicit-fallthrough=3 -Wno-strict-overflow -fdiagnostics-show-option -Wno-long-long -pthread -fomit-frame-pointer -ffunction-sections -fdata-sections  -msse -msse2 -msse3 -fvisibility=hidden  -O3 -DNDEBUG  -DNDEBUG -fPIE   -o CMakeFiles/cmTC_57235.dir/int16.c.o   -c /home/kanishk/Desktop/Autopilot/build/CMakeFiles/CheckTypeSize/int16.c
/home/kanishk/Desktop/Autopilot/build/CMakeFiles/CheckTypeSize/int16.c:23:22: error: ‘INT16’ undeclared here (not in a function); did you mean ‘INT16_C’?
 #define SIZE (sizeof(INT16))
                      ^
/home/kanishk/Desktop/Autopilot/build/CMakeFiles/CheckTypeSize/int16.c:25:12: note: in expansion of macro ‘SIZE’
   ('0' + ((SIZE / 10000)%10)),
            ^~~~
CMakeFiles/cmTC_57235.dir/build.make:65: recipe for target 'CMakeFiles/cmTC_57235.dir/int16.c.o' failed
make[1]: *** [CMakeFiles/cmTC_57235.dir/int16.c.o] Error 1
make[1]: Leaving directory '/home/kanishk/Desktop/Autopilot/build/CMakeFiles/CMakeTmp'
Makefile:126: recipe for target 'cmTC_57235/fast' failed
make: *** [cmTC_57235/fast] Error 2

/home/kanishk/Desktop/Autopilot/build/CMakeFiles/CheckTypeSize/int16.c:
#include <sys/types.h>
#include <stdint.h>
#include <stddef.h>


#undef KEY
#if defined(__i386)
# define KEY '_','_','i','3','8','6'
#elif defined(__x86_64)
# define KEY '_','_','x','8','6','_','6','4'
#elif defined(__ppc__)
# define KEY '_','_','p','p','c','_','_'
#elif defined(__ppc64__)
# define KEY '_','_','p','p','c','6','4','_','_'
#elif defined(__aarch64__)
# define KEY '_','_','a','a','r','c','h','6','4','_','_'
#elif defined(__ARM_ARCH_7A__)
# define KEY '_','_','A','R','M','_','A','R','C','H','_','7','A','_','_'
#elif defined(__ARM_ARCH_7S__)
# define KEY '_','_','A','R','M','_','A','R','C','H','_','7','S','_','_'
#endif

#define SIZE (sizeof(INT16))
char info_size[] =  {'I', 'N', 'F', 'O', ':', 's','i','z','e','[',
  ('0' + ((SIZE / 10000)%10)),
  ('0' + ((SIZE / 1000)%10)),
  ('0' + ((SIZE / 100)%10)),
  ('0' + ((SIZE / 10)%10)),
  ('0' +  (SIZE    % 10)),
  ']',
#ifdef KEY
  ' ','k','e','y','[', KEY, ']',
#endif
  '\0'};

#ifdef __CLASSIC_C__
int main(argc, argv) int argc; char *argv[];
#else
int main(int argc, char *argv[])
#endif
{
  int require = 0;
  require += info_size[argc];
  (void)argv;
  return require;
}


Determining size of INT32 failed with the following output:
Change Dir: /home/kanishk/Desktop/Autopilot/build/CMakeFiles/CMakeTmp

Run Build Command:"/usr/bin/make" "cmTC_52ad9/fast"
/usr/bin/make -f CMakeFiles/cmTC_52ad9.dir/build.make CMakeFiles/cmTC_52ad9.dir/build
make[1]: Entering directory '/home/kanishk/Desktop/Autopilot/build/CMakeFiles/CMakeTmp'
Building C object CMakeFiles/cmTC_52ad9.dir/int32.c.o
/usr/bin/cc   -fsigned-char -W -Wall -Werror=return-type -Werror=address -Werror=sequence-point -Wformat -Werror=format-security -Wmissing-declarations -Wmissing-prototypes -Wstrict-prototypes -Wundef -Winit-self -Wpointer-arith -Wshadow -Wuninitialized -Wno-comment -Wimplicit-fallthrough=3 -Wno-strict-overflow -fdiagnostics-show-option -Wno-long-long -pthread -fomit-frame-pointer -ffunction-sections -fdata-sections  -msse -msse2 -msse3 -fvisibility=hidden  -O3 -DNDEBUG  -DNDEBUG -fPIE   -o CMakeFiles/cmTC_52ad9.dir/int32.c.o   -c /home/kanishk/Desktop/Autopilot/build/CMakeFiles/CheckTypeSize/int32.c
/home/kanishk/Desktop/Autopilot/build/CMakeFiles/CheckTypeSize/int32.c:23:22: error: ‘INT32’ undeclared here (not in a function); did you mean ‘INT32_C’?
 #define SIZE (sizeof(INT32))
                      ^
/home/kanishk/Desktop/Autopilot/build/CMakeFiles/CheckTypeSize/int32.c:25:12: note: in expansion of macro ‘SIZE’
   ('0' + ((SIZE / 10000)%10)),
            ^~~~
CMakeFiles/cmTC_52ad9.dir/build.make:65: recipe for target 'CMakeFiles/cmTC_52ad9.dir/int32.c.o' failed
make[1]: *** [CMakeFiles/cmTC_52ad9.dir/int32.c.o] Error 1
make[1]: Leaving directory '/home/kanishk/Desktop/Autopilot/build/CMakeFiles/CMakeTmp'
Makefile:126: recipe for target 'cmTC_52ad9/fast' failed
make: *** [cmTC_52ad9/fast] Error 2

/home/kanishk/Desktop/Autopilot/build/CMakeFiles/CheckTypeSize/int32.c:
#include <sys/types.h>
#include <stdint.h>
#include <stddef.h>


#undef KEY
#if defined(__i386)
# define KEY '_','_','i','3','8','6'
#elif defined(__x86_64)
# define KEY '_','_','x','8','6','_','6','4'
#elif defined(__ppc__)
# define KEY '_','_','p','p','c','_','_'
#elif defined(__ppc64__)
# define KEY '_','_','p','p','c','6','4','_','_'
#elif defined(__aarch64__)
# define KEY '_','_','a','a','r','c','h','6','4','_','_'
#elif defined(__ARM_ARCH_7A__)
# define KEY '_','_','A','R','M','_','A','R','C','H','_','7','A','_','_'
#elif defined(__ARM_ARCH_7S__)
# define KEY '_','_','A','R','M','_','A','R','C','H','_','7','S','_','_'
#endif

#define SIZE (sizeof(INT32))
char info_size[] =  {'I', 'N', 'F', 'O', ':', 's','i','z','e','[',
  ('0' + ((SIZE / 10000)%10)),
  ('0' + ((SIZE / 1000)%10)),
  ('0' + ((SIZE / 100)%10)),
  ('0' + ((SIZE / 10)%10)),
  ('0' +  (SIZE    % 10)),
  ']',
#ifdef KEY
  ' ','k','e','y','[', KEY, ']',
#endif
  '\0'};

#ifdef __CLASSIC_C__
int main(argc, argv) int argc; char *argv[];
#else
int main(int argc, char *argv[])
#endif
{
  int require = 0;
  require += info_size[argc];
  (void)argv;
  return require;
}


Determining if the function setmode exists failed with the following output:
Change Dir: /home/kanishk/Desktop/Autopilot/build/CMakeFiles/CMakeTmp

Run Build Command:"/usr/bin/make" "cmTC_0eecc/fast"
/usr/bin/make -f CMakeFiles/cmTC_0eecc.dir/build.make CMakeFiles/cmTC_0eecc.dir/build
make[1]: Entering directory '/home/kanishk/Desktop/Autopilot/build/CMakeFiles/CMakeTmp'
Building C object CMakeFiles/cmTC_0eecc.dir/CheckFunctionExists.c.o
/usr/bin/cc   -fsigned-char -W -Wall -Werror=return-type -Werror=address -Werror=sequence-point -Wformat -Werror=format-security -Wmissing-declarations -Wmissing-prototypes -Wstrict-prototypes -Wundef -Winit-self -Wpointer-arith -Wshadow -Wuninitialized -Wno-comment -Wimplicit-fallthrough=3 -Wno-strict-overflow -fdiagnostics-show-option -Wno-long-long -pthread -fomit-frame-pointer -ffunction-sections -fdata-sections  -msse -msse2 -msse3 -fvisibility=hidden -DCHECK_FUNCTION_EXISTS=setmode -O3 -DNDEBUG  -DNDEBUG -fPIE   -o CMakeFiles/cmTC_0eecc.dir/CheckFunctionExists.c.o   -c /usr/share/cmake-3.10/Modules/CheckFunctionExists.c
Linking C executable cmTC_0eecc
/usr/bin/cmake -E cmake_link_script CMakeFiles/cmTC_0eecc.dir/link.txt --verbose=1
/usr/bin/cc    -fsigned-char -W -Wall -Werror=return-type -Werror=address -Werror=sequence-point -Wformat -Werror=format-security -Wmissing-declarations -Wmissing-prototypes -Wstrict-prototypes -Wundef -Winit-self -Wpointer-arith -Wshadow -Wuninitialized -Wno-comment -Wimplicit-fallthrough=3 -Wno-strict-overflow -fdiagnostics-show-option -Wno-long-long -pthread -fomit-frame-pointer -ffunction-sections -fdata-sections  -msse -msse2 -msse3 -fvisibility=hidden -DCHECK_FUNCTION_EXISTS=setmode -O3 -DNDEBUG  -DNDEBUG    -Wl,--gc-sections -Wl,--as-needed  CMakeFiles/cmTC_0eecc.dir/CheckFunctionExists.c.o  -o cmTC_0eecc 
CMakeFiles/cmTC_0eecc.dir/CheckFunctionExists.c.o: In function `main':
CheckFunctionExists.c:(.text.startup.main+0xc): undefined reference to `setmode'
collect2: error: ld returned 1 exit status
CMakeFiles/cmTC_0eecc.dir/build.make:97: recipe for target 'cmTC_0eecc' failed
make[1]: *** [cmTC_0eecc] Error 1
make[1]: Leaving directory '/home/kanishk/Desktop/Autopilot/build/CMakeFiles/CMakeTmp'
Makefile:126: recipe for target 'cmTC_0eecc/fast' failed
make: *** [cmTC_0eecc/fast] Error 2


Build output check failed:
    Regex: 'command[- ]line option .* is valid for .* but not for C\+\+'
    Output line: 'cc1plus: warning: command line option ‘-Wno-missing-prototypes’ is valid for C/ObjC but not for C++'
Compilation failed:
    source file: '/home/kanishk/Desktop/Autopilot/build/CMakeFiles/CMakeTmp/src.cxx'
    check option: ' -Wno-missing-prototypes'
===== BUILD LOG =====
Change Dir: /home/kanishk/Desktop/Autopilot/build/CMakeFiles/CMakeTmp

Run Build Command:"/usr/bin/make" "cmTC_33231/fast"
/usr/bin/make -f CMakeFiles/cmTC_33231.dir/build.make CMakeFiles/cmTC_33231.dir/build
make[1]: Entering directory '/home/kanishk/Desktop/Autopilot/build/CMakeFiles/CMakeTmp'
Building CXX object CMakeFiles/cmTC_33231.dir/src.cxx.o
/usr/bin/c++    -fsigned-char -W -Wall -Werror=return-type -Werror=non-virtual-dtor -Werror=address -Werror=sequence-point -Wformat -Werror=format-security -Wundef -Winit-self -Wpointer-arith -Wshadow -Wsign-promo -Wuninitialized -Wsuggest-override -Wno-delete-non-virtual-dtor -Wno-comment -Wimplicit-fallthrough=3 -Wno-strict-overflow -fdiagnostics-show-option -Wno-long-long -pthread -fomit-frame-pointer -ffunction-sections -fdata-sections  -msse -msse2 -msse3 -fvisibility=hidden -fvisibility-inlines-hidden -Wno-missing-declarations -Wno-unused-parameter  -O3 -DNDEBUG  -DNDEBUG -fPIE   -Wno-missing-prototypes -std=c++11 -o CMakeFiles/cmTC_33231.dir/src.cxx.o -c /home/kanishk/Desktop/Autopilot/build/CMakeFiles/CMakeTmp/src.cxx
cc1plus: warning: command line option ‘-Wno-missing-prototypes’ is valid for C/ObjC but not for C++
/home/kanishk/Desktop/Autopilot/build/CMakeFiles/CMakeTmp/src.cxx:1:0: warning: ignoring #pragma   [-Wunknown-pragmas]
 #pragma
 
Linking CXX executable cmTC_33231
/usr/bin/cmake -E cmake_link_script CMakeFiles/cmTC_33231.dir/link.txt --verbose=1
/usr/bin/c++     -fsigned-char -W -Wall -Werror=return-type -Werror=non-virtual-dtor -Werror=address -Werror=sequence-point -Wformat -Werror=format-security -Wundef -Winit-self -Wpointer-arith -Wshadow -Wsign-promo -Wuninitialized -Wsuggest-override -Wno-delete-non-virtual-dtor -Wno-comment -Wimplicit-fallthrough=3 -Wno-strict-overflow -fdiagnostics-show-option -Wno-long-long -pthread -fomit-frame-pointer -ffunction-sections -fdata-sections  -msse -msse2 -msse3 -fvisibility=hidden -fvisibility-inlines-hidden -Wno-missing-declarations -Wno-unused-parameter  -O3 -DNDEBUG  -DNDEBUG    -Wl,--gc-sections -Wl,--as-needed  CMakeFiles/cmTC_33231.dir/src.cxx.o  -o cmTC_33231 
make[1]: Leaving directory '/home/kanishk/Desktop/Autopilot/build/CMakeFiles/CMakeTmp'

===== END =====

Build output check failed:
    Regex: 'unrecognized .*option'
    Output line: 'cc1: warning: unrecognized command line option ‘-Wno-implicit-const-int-float-conversion’'
Compilation failed:
    source file: '/home/kanishk/Desktop/Autopilot/build/CMakeFiles/CMakeTmp/src.c'
    check option: ' -Wno-implicit-const-int-float-conversion'
===== BUILD LOG =====
Change Dir: /home/kanishk/Desktop/Autopilot/build/CMakeFiles/CMakeTmp

Run Build Command:"/usr/bin/make" "cmTC_e34bf/fast"
/usr/bin/make -f CMakeFiles/cmTC_e34bf.dir/build.make CMakeFiles/cmTC_e34bf.dir/build
make[1]: Entering directory '/home/kanishk/Desktop/Autopilot/build/CMakeFiles/CMakeTmp'
Building C object CMakeFiles/cmTC_e34bf.dir/src.c.o
/usr/bin/cc   -fsigned-char -W -Wall -Werror=return-type -Werror=address -Werror=sequence-point -Wformat -Werror=format-security -Wmissing-declarations -Wmissing-prototypes -Wstrict-prototypes -Wundef -Winit-self -Wpointer-arith -Wshadow -Wuninitialized -Wno-comment -Wimplicit-fallthrough=3 -Wno-strict-overflow -fdiagnostics-show-option -Wno-long-long -pthread -fomit-frame-pointer -ffunction-sections -fdata-sections  -msse -msse2 -msse3 -fvisibility=hidden  -O3 -DNDEBUG  -DNDEBUG -fPIE   -Wno-implicit-const-int-float-conversion -o CMakeFiles/cmTC_e34bf.dir/src.c.o   -c /home/kanishk/Desktop/Autopilot/build/CMakeFiles/CMakeTmp/src.c
/home/kanishk/Desktop/Autopilot/build/CMakeFiles/CMakeTmp/src.c:1:0: warning: ignoring #pragma   [-Wunknown-pragmas]
 #pragma
 
cc1: warning: unrecognized command line option ‘-Wno-implicit-const-int-float-conversion’
Linking C executable cmTC_e34bf
/usr/bin/cmake -E cmake_link_script CMakeFiles/cmTC_e34bf.dir/link.txt --verbose=1
/usr/bin/cc    -fsigned-char -W -Wall -Werror=return-type -Werror=address -Werror=sequence-point -Wformat -Werror=format-security -Wmissing-declarations -Wmissing-prototypes -Wstrict-prototypes -Wundef -Winit-self -Wpointer-arith -Wshadow -Wuninitialized -Wno-comment -Wimplicit-fallthrough=3 -Wno-strict-overflow -fdiagnostics-show-option -Wno-long-long -pthread -fomit-frame-pointer -ffunction-sections -fdata-sections  -msse -msse2 -msse3 -fvisibility=hidden  -O3 -DNDEBUG  -DNDEBUG    -Wl,--gc-sections -Wl,--as-needed  CMakeFiles/cmTC_e34bf.dir/src.c.o  -o cmTC_e34bf 
make[1]: Leaving directory '/home/kanishk/Desktop/Autopilot/build/CMakeFiles/CMakeTmp'

===== END =====

Determining if the _aligned_malloc exist failed with the following output:
Change Dir: /home/kanishk/Desktop/Autopilot/build/CMakeFiles/CMakeTmp

Run Build Command:"/usr/bin/make" "cmTC_d1a9f/fast"
/usr/bin/make -f CMakeFiles/cmTC_d1a9f.dir/build.make CMakeFiles/cmTC_d1a9f.dir/build
make[1]: Entering directory '/home/kanishk/Desktop/Autopilot/build/CMakeFiles/CMakeTmp'
Building C object CMakeFiles/cmTC_d1a9f.dir/CheckSymbolExists.c.o
/usr/bin/cc   -fsigned-char -W -Wall -Werror=return-type -Werror=address -Werror=sequence-point -Wformat -Werror=format-security -Wmissing-declarations -Wmissing-prototypes -Wstrict-prototypes -Wundef -Winit-self -Wpointer-arith -Wshadow -Wuninitialized -Wno-comment -Wimplicit-fallthrough=3 -Wno-strict-overflow -fdiagnostics-show-option -Wno-long-long -pthread -fomit-frame-pointer -ffunction-sections -fdata-sections  -msse -msse2 -msse3 -fvisibility=hidden  -O3 -DNDEBUG  -DNDEBUG -fPIE   -o CMakeFiles/cmTC_d1a9f.dir/CheckSymbolExists.c.o   -c /home/kanishk/Desktop/Autopilot/build/CMakeFiles/CMakeTmp/CheckSymbolExists.c
/home/kanishk/Desktop/Autopilot/build/CMakeFiles/CMakeTmp/CheckSymbolExists.c: In function ‘main’:
/home/kanishk/Desktop/Autopilot/build/CMakeFiles/CMakeTmp/CheckSymbolExists.c:8:19: error: ‘_aligned_malloc’ undeclared (first use in this function); did you mean ‘__builtin_malloc’?
   return ((int*)(&_aligned_malloc))[argc];
                   ^~~~~~~~~~~~~~~
                   __builtin_malloc
/home/kanishk/Desktop/Autopilot/build/CMakeFiles/CMakeTmp/CheckSymbolExists.c:8:19: note: each undeclared identifier is reported only once for each function it appears in
/home/kanishk/Desktop/Autopilot/build/CMakeFiles/CMakeTmp/CheckSymbolExists.c:4:14: warning: parameter ‘argc’ set but not used [-Wunused-but-set-parameter]
 int main(int argc, char** argv)
              ^~~~
CMakeFiles/cmTC_d1a9f.dir/build.make:65: recipe for target 'CMakeFiles/cmTC_d1a9f.dir/CheckSymbolExists.c.o' failed
make[1]: *** [CMakeFiles/cmTC_d1a9f.dir/CheckSymbolExists.c.o] Error 1
make[1]: Leaving directory '/home/kanishk/Desktop/Autopilot/build/CMakeFiles/CMakeTmp'
Makefile:126: recipe for target 'cmTC_d1a9f/fast' failed
make: *** [cmTC_d1a9f/fast] Error 2

File /home/kanishk/Desktop/Autopilot/build/CMakeFiles/CMakeTmp/CheckSymbolExists.c:
/* */
#include <malloc.h>

int main(int argc, char** argv)
{
  (void)argv;
#ifndef _aligned_malloc
  return ((int*)(&_aligned_malloc))[argc];
#else
  (void)argc;
  return 0;
#endif
}

Build output check failed:
    Regex: 'unrecognized .*option'
    Output line: 'cc1: warning: unrecognized command line option ‘-Wno-cast-function-type’'
Compilation failed:
    source file: '/home/kanishk/Desktop/Autopilot/build/CMakeFiles/CMakeTmp/src.c'
    check option: ' -Wno-cast-function-type'
===== BUILD LOG =====
Change Dir: /home/kanishk/Desktop/Autopilot/build/CMakeFiles/CMakeTmp

Run Build Command:"/usr/bin/make" "cmTC_3b196/fast"
/usr/bin/make -f CMakeFiles/cmTC_3b196.dir/build.make CMakeFiles/cmTC_3b196.dir/build
make[1]: Entering directory '/home/kanishk/Desktop/Autopilot/build/CMakeFiles/CMakeTmp'
Building C object CMakeFiles/cmTC_3b196.dir/src.c.o
/usr/bin/cc   -fsigned-char -W -Wall -Werror=return-type -Werror=address -Werror=sequence-point -Wformat -Werror=format-security -Wmissing-declarations -Wmissing-prototypes -Winit-self -Wpointer-arith -Wshadow -Wuninitialized -Wno-comment -Wimplicit-fallthrough=3 -Wno-strict-overflow -fdiagnostics-show-option -Wno-long-long -pthread -fomit-frame-pointer -ffunction-sections -fdata-sections  -msse -msse2 -msse3 -fvisibility=hidden -Wno-undef -Wno-strict-prototypes  -O3 -DNDEBUG  -DNDEBUG -fPIE   -Wno-cast-function-type -o CMakeFiles/cmTC_3b196.dir/src.c.o   -c /home/kanishk/Desktop/Autopilot/build/CMakeFiles/CMakeTmp/src.c
/home/kanishk/Desktop/Autopilot/build/CMakeFiles/CMakeTmp/src.c:1:0: warning: ignoring #pragma   [-Wunknown-pragmas]
 #pragma
 
cc1: warning: unrecognized command line option ‘-Wno-cast-function-type’
Linking C executable cmTC_3b196
/usr/bin/cmake -E cmake_link_script CMakeFiles/cmTC_3b196.dir/link.txt --verbose=1
/usr/bin/cc    -fsigned-char -W -Wall -Werror=return-type -Werror=address -Werror=sequence-point -Wformat -Werror=format-security -Wmissing-declarations -Wmissing-prototypes -Winit-self -Wpointer-arith -Wshadow -Wuninitialized -Wno-comment -Wimplicit-fallthrough=3 -Wno-strict-overflow -fdiagnostics-show-option -Wno-long-long -pthread -fomit-frame-pointer -ffunction-sections -fdata-sections  -msse -msse2 -msse3 -fvisibility=hidden -Wno-undef -Wno-strict-prototypes  -O3 -DNDEBUG  -DNDEBUG    -Wl,--gc-sections -Wl,--as-needed  CMakeFiles/cmTC_3b196.dir/src.c.o  -o cmTC_3b196 
make[1]: Leaving directory '/home/kanishk/Desktop/Autopilot/build/CMakeFiles/CMakeTmp'

===== END =====

Build output check failed:
    Regex: 'unrecognized .*option'
    Output line: 'cc1plus: warning: unrecognized command line option ‘-Wno-inconsistent-missing-override’'
Compilation failed:
    source file: '/home/kanishk/Desktop/Autopilot/build/CMakeFiles/CMakeTmp/src.cxx'
    check option: ' -Wno-inconsistent-missing-override'
===== BUILD LOG =====
Change Dir: /home/kanishk/Desktop/Autopilot/build/CMakeFiles/CMakeTmp

Run Build Command:"/usr/bin/make" "cmTC_8167e/fast"
/usr/bin/make -f CMakeFiles/cmTC_8167e.dir/build.make CMakeFiles/cmTC_8167e.dir/build
make[1]: Entering directory '/home/kanishk/Desktop/Autopilot/build/CMakeFiles/CMakeTmp'
Building CXX object CMakeFiles/cmTC_8167e.dir/src.cxx.o
/usr/bin/c++    -fsigned-char -W -Wall -Werror=return-type -Werror=non-virtual-dtor -Werror=address -Werror=sequence-point -Wformat -Werror=format-security -Winit-self -Wpointer-arith -Wsign-promo -Wno-delete-non-virtual-dtor -Wno-comment -Wimplicit-fallthrough=3 -Wno-strict-overflow -fdiagnostics-show-option -Wno-long-long -pthread -fomit-frame-pointer -ffunction-sections -fdata-sections  -msse -msse2 -msse3 -fvisibility=hidden -fvisibility-inlines-hidden -Wno-shadow -Wno-unused -Wno-sign-compare -Wno-undef -Wno-missing-declarations -Wno-uninitialized -Wno-switch -Wno-parentheses -Wno-array-bounds -Wno-extra -Wno-deprecated-declarations -Wno-misleading-indentation -Wno-deprecated -Wno-suggest-override  -O3 -DNDEBUG  -DNDEBUG -fPIE   -Wno-inconsistent-missing-override -std=c++11 -o CMakeFiles/cmTC_8167e.dir/src.cxx.o -c /home/kanishk/Desktop/Autopilot/build/CMakeFiles/CMakeTmp/src.cxx
/home/kanishk/Desktop/Autopilot/build/CMakeFiles/CMakeTmp/src.cxx:1:0: warning: ignoring #pragma   [-Wunknown-pragmas]
 #pragma
 
cc1plus: warning: unrecognized command line option ‘-Wno-inconsistent-missing-override’
Linking CXX executable cmTC_8167e
/usr/bin/cmake -E cmake_link_script CMakeFiles/cmTC_8167e.dir/link.txt --verbose=1
/usr/bin/c++     -fsigned-char -W -Wall -Werror=return-type -Werror=non-virtual-dtor -Werror=address -Werror=sequence-point -Wformat -Werror=format-security -Winit-self -Wpointer-arith -Wsign-promo -Wno-delete-non-virtual-dtor -Wno-comment -Wimplicit-fallthrough=3 -Wno-strict-overflow -fdiagnostics-show-option -Wno-long-long -pthread -fomit-frame-pointer -ffunction-sections -fdata-sections  -msse -msse2 -msse3 -fvisibility=hidden -fvisibility-inlines-hidden -Wno-shadow -Wno-unused -Wno-sign-compare -Wno-undef -Wno-missing-declarations -Wno-uninitialized -Wno-switch -Wno-parentheses -Wno-array-bounds -Wno-extra -Wno-deprecated-declarations -Wno-misleading-indentation -Wno-deprecated -Wno-suggest-override  -O3 -DNDEBUG  -DNDEBUG    -Wl,--gc-sections -Wl,--as-needed  CMakeFiles/cmTC_8167e.dir/src.cxx.o  -o cmTC_8167e 
make[1]: Leaving directory '/home/kanishk/Desktop/Autopilot/build/CMakeFiles/CMakeTmp'

===== END =====

Build output check failed:
    Regex: 'unrecognized .*option'
    Output line: 'cc1plus: warning: unrecognized command line option ‘-Wno-implicit-const-int-float-conversion’'
Compilation failed:
    source file: '/home/kanishk/Desktop/Autopilot/build/CMakeFiles/CMakeTmp/src.cxx'
    check option: ' -Wno-implicit-const-int-float-conversion'
===== BUILD LOG =====
Change Dir: /home/kanishk/Desktop/Autopilot/build/CMakeFiles/CMakeTmp

Run Build Command:"/usr/bin/make" "cmTC_0dcf7/fast"
/usr/bin/make -f CMakeFiles/cmTC_0dcf7.dir/build.make CMakeFiles/cmTC_0dcf7.dir/build
make[1]: Entering directory '/home/kanishk/Desktop/Autopilot/build/CMakeFiles/CMakeTmp'
Building CXX object CMakeFiles/cmTC_0dcf7.dir/src.cxx.o
/usr/bin/c++    -fsigned-char -W -Wall -Werror=return-type -Werror=non-virtual-dtor -Werror=address -Werror=sequence-point -Wformat -Werror=format-security -Winit-self -Wpointer-arith -Wsign-promo -Wno-delete-non-virtual-dtor -Wno-comment -Wno-strict-overflow -fdiagnostics-show-option -Wno-long-long -pthread -fomit-frame-pointer -ffunction-sections -fdata-sections  -msse -msse2 -msse3 -fvisibility=hidden -fvisibility-inlines-hidden -Wno-shadow -Wno-unused -Wno-sign-compare -Wno-undef -Wno-missing-declarations -Wno-uninitialized -Wno-switch -Wno-parentheses -Wno-array-bounds -Wno-extra -Wno-deprecated-declarations -Wno-misleading-indentation -Wno-deprecated -Wno-suggest-override -Wno-implicit-fallthrough -Wno-tautological-compare -Wno-reorder -Wno-unused-result  -O3 -DNDEBUG  -DNDEBUG -fPIE   -Wno-implicit-const-int-float-conversion -std=c++11 -o CMakeFiles/cmTC_0dcf7.dir/src.cxx.o -c /home/kanishk/Desktop/Autopilot/build/CMakeFiles/CMakeTmp/src.cxx
/home/kanishk/Desktop/Autopilot/build/CMakeFiles/CMakeTmp/src.cxx:1:0: warning: ignoring #pragma   [-Wunknown-pragmas]
 #pragma
 
cc1plus: warning: unrecognized command line option ‘-Wno-implicit-const-int-float-conversion’
Linking CXX executable cmTC_0dcf7
/usr/bin/cmake -E cmake_link_script CMakeFiles/cmTC_0dcf7.dir/link.txt --verbose=1
/usr/bin/c++     -fsigned-char -W -Wall -Werror=return-type -Werror=non-virtual-dtor -Werror=address -Werror=sequence-point -Wformat -Werror=format-security -Winit-self -Wpointer-arith -Wsign-promo -Wno-delete-non-virtual-dtor -Wno-comment -Wno-strict-overflow -fdiagnostics-show-option -Wno-long-long -pthread -fomit-frame-pointer -ffunction-sections -fdata-sections  -msse -msse2 -msse3 -fvisibility=hidden -fvisibility-inlines-hidden -Wno-shadow -Wno-unused -Wno-sign-compare -Wno-undef -Wno-missing-declarations -Wno-uninitialized -Wno-switch -Wno-parentheses -Wno-array-bounds -Wno-extra -Wno-deprecated-declarations -Wno-misleading-indentation -Wno-deprecated -Wno-suggest-override -Wno-implicit-fallthrough -Wno-tautological-compare -Wno-reorder -Wno-unused-result  -O3 -DNDEBUG  -DNDEBUG    -Wl,--gc-sections -Wl,--as-needed  CMakeFiles/cmTC_0dcf7.dir/src.cxx.o  -o cmTC_0dcf7 
make[1]: Leaving directory '/home/kanishk/Desktop/Autopilot/build/CMakeFiles/CMakeTmp'

===== END =====

Build output check failed:
    Regex: 'unrecognized .*option'
    Output line: 'cc1plus: warning: unrecognized command line option ‘-Wno-tautological-undefined-compare’'
Compilation failed:
    source file: '/home/kanishk/Desktop/Autopilot/build/CMakeFiles/CMakeTmp/src.cxx'
    check option: ' -Wno-tautological-undefined-compare'
===== BUILD LOG =====
Change Dir: /home/kanishk/Desktop/Autopilot/build/CMakeFiles/CMakeTmp

Run Build Command:"/usr/bin/make" "cmTC_d2851/fast"
/usr/bin/make -f CMakeFiles/cmTC_d2851.dir/build.make CMakeFiles/cmTC_d2851.dir/build
make[1]: Entering directory '/home/kanishk/Desktop/Autopilot/build/CMakeFiles/CMakeTmp'
Building CXX object CMakeFiles/cmTC_d2851.dir/src.cxx.o
/usr/bin/c++    -fsigned-char -W -Wall -Werror=return-type -Werror=non-virtual-dtor -Werror=address -Werror=sequence-point -Wformat -Werror=format-security -Winit-self -Wpointer-arith -Wuninitialized -Wsuggest-override -Wno-delete-non-virtual-dtor -Wno-comment -Wimplicit-fallthrough=3 -Wno-strict-overflow -fdiagnostics-show-option -Wno-long-long -pthread -fomit-frame-pointer -ffunction-sections -fdata-sections  -msse -msse2 -msse3 -fvisibility=hidden -fvisibility-inlines-hidden -Wno-deprecated -Wno-missing-declarations -Wno-shadow -Wno-unused-parameter -Wno-unused-local-typedefs -Wno-sign-compare -Wno-sign-promo -Wno-undef  -O3 -DNDEBUG  -DNDEBUG -fPIE   -Wno-tautological-undefined-compare -std=c++11 -o CMakeFiles/cmTC_d2851.dir/src.cxx.o -c /home/kanishk/Desktop/Autopilot/build/CMakeFiles/CMakeTmp/src.cxx
/home/kanishk/Desktop/Autopilot/build/CMakeFiles/CMakeTmp/src.cxx:1:0: warning: ignoring #pragma   [-Wunknown-pragmas]
 #pragma
 
cc1plus: warning: unrecognized command line option ‘-Wno-tautological-undefined-compare’
Linking CXX executable cmTC_d2851
/usr/bin/cmake -E cmake_link_script CMakeFiles/cmTC_d2851.dir/link.txt --verbose=1
/usr/bin/c++     -fsigned-char -W -Wall -Werror=return-type -Werror=non-virtual-dtor -Werror=address -Werror=sequence-point -Wformat -Werror=format-security -Winit-self -Wpointer-arith -Wuninitialized -Wsuggest-override -Wno-delete-non-virtual-dtor -Wno-comment -Wimplicit-fallthrough=3 -Wno-strict-overflow -fdiagnostics-show-option -Wno-long-long -pthread -fomit-frame-pointer -ffunction-sections -fdata-sections  -msse -msse2 -msse3 -fvisibility=hidden -fvisibility-inlines-hidden -Wno-deprecated -Wno-missing-declarations -Wno-shadow -Wno-unused-parameter -Wno-unused-local-typedefs -Wno-sign-compare -Wno-sign-promo -Wno-undef  -O3 -DNDEBUG  -DNDEBUG    -Wl,--gc-sections -Wl,--as-needed  CMakeFiles/cmTC_d2851.dir/src.cxx.o  -o cmTC_d2851 
make[1]: Leaving directory '/home/kanishk/Desktop/Autopilot/build/CMakeFiles/CMakeTmp'

===== END =====

Build output check failed:
    Regex: 'unrecognized .*option'
    Output line: 'cc1plus: warning: unrecognized command line option ‘-Wno-shorten-64-to-32’'
Compilation failed:
    source file: '/home/kanishk/Desktop/Autopilot/build/CMakeFiles/CMakeTmp/src.cxx'
    check option: ' -Wno-shorten-64-to-32'
===== BUILD LOG =====
Change Dir: /home/kanishk/Desktop/Autopilot/build/CMakeFiles/CMakeTmp

Run Build Command:"/usr/bin/make" "cmTC_3889b/fast"
/usr/bin/make -f CMakeFiles/cmTC_3889b.dir/build.make CMakeFiles/cmTC_3889b.dir/build
make[1]: Entering directory '/home/kanishk/Desktop/Autopilot/build/CMakeFiles/CMakeTmp'
Building CXX object CMakeFiles/cmTC_3889b.dir/src.cxx.o
/usr/bin/c++    -fsigned-char -W -Wall -Werror=return-type -Werror=non-virtual-dtor -Werror=address -Werror=sequence-point -Wformat -Werror=format-security -Winit-self -Wpointer-arith -Wuninitialized -Wsuggest-override -Wno-delete-non-virtual-dtor -Wno-comment -Wimplicit-fallthrough=3 -Wno-strict-overflow -fdiagnostics-show-option -Wno-long-long -pthread -fomit-frame-pointer -ffunction-sections -fdata-sections  -msse -msse2 -msse3 -fvisibility=hidden -fvisibility-inlines-hidden -Wno-deprecated -Wno-missing-declarations -Wno-shadow -Wno-unused-parameter -Wno-unused-local-typedefs -Wno-sign-compare -Wno-sign-promo -Wno-undef -Wno-ignored-qualifiers -Wno-extra -Wno-unused-function -Wno-unused-const-variable  -O3 -DNDEBUG  -DNDEBUG -fPIE   -Wno-shorten-64-to-32 -std=c++11 -o CMakeFiles/cmTC_3889b.dir/src.cxx.o -c /home/kanishk/Desktop/Autopilot/build/CMakeFiles/CMakeTmp/src.cxx
/home/kanishk/Desktop/Autopilot/build/CMakeFiles/CMakeTmp/src.cxx:1:0: warning: ignoring #pragma   [-Wunknown-pragmas]
 #pragma
 
cc1plus: warning: unrecognized command line option ‘-Wno-shorten-64-to-32’
Linking CXX executable cmTC_3889b
/usr/bin/cmake -E cmake_link_script CMakeFiles/cmTC_3889b.dir/link.txt --verbose=1
/usr/bin/c++     -fsigned-char -W -Wall -Werror=return-type -Werror=non-virtual-dtor -Werror=address -Werror=sequence-point -Wformat -Werror=format-security -Winit-self -Wpointer-arith -Wuninitialized -Wsuggest-override -Wno-delete-non-virtual-dtor -Wno-comment -Wimplicit-fallthrough=3 -Wno-strict-overflow -fdiagnostics-show-option -Wno-long-long -pthread -fomit-frame-pointer -ffunction-sections -fdata-sections  -msse -msse2 -msse3 -fvisibility=hidden -fvisibility-inlines-hidden -Wno-deprecated -Wno-missing-declarations -Wno-shadow -Wno-unused-parameter -Wno-unused-local-typedefs -Wno-sign-compare -Wno-sign-promo -Wno-undef -Wno-ignored-qualifiers -Wno-extra -Wno-unused-function -Wno-unused-const-variable  -O3 -DNDEBUG  -DNDEBUG    -Wl,--gc-sections -Wl,--as-needed  CMakeFiles/cmTC_3889b.dir/src.cxx.o  -o cmTC_3889b 
make[1]: Leaving directory '/home/kanishk/Desktop/Autopilot/build/CMakeFiles/CMakeTmp'

===== END =====

Build output check failed:
    Regex: 'unrecognized .*option'
    Output line: 'cc1plus: warning: unrecognized command line option ‘-Wno-enum-compare-switch’'
Compilation failed:
    source file: '/home/kanishk/Desktop/Autopilot/build/CMakeFiles/CMakeTmp/src.cxx'
    check option: ' -Wno-enum-compare-switch'
===== BUILD LOG =====
Change Dir: /home/kanishk/Desktop/Autopilot/build/CMakeFiles/CMakeTmp

Run Build Command:"/usr/bin/make" "cmTC_54b52/fast"
/usr/bin/make -f CMakeFiles/cmTC_54b52.dir/build.make CMakeFiles/cmTC_54b52.dir/build
make[1]: Entering directory '/home/kanishk/Desktop/Autopilot/build/CMakeFiles/CMakeTmp'
Building CXX object CMakeFiles/cmTC_54b52.dir/src.cxx.o
/usr/bin/c++    -fsigned-char -W -Wall -Werror=return-type -Werror=non-virtual-dtor -Werror=address -Werror=sequence-point -Wformat -Werror=format-security -Winit-self -Wpointer-arith -Wuninitialized -Wsuggest-override -Wno-delete-non-virtual-dtor -Wno-comment -Wimplicit-fallthrough=3 -Wno-strict-overflow -fdiagnostics-show-option -Wno-long-long -pthread -fomit-frame-pointer -ffunction-sections -fdata-sections  -msse -msse2 -msse3 -fvisibility=hidden -fvisibility-inlines-hidden -Wno-deprecated -Wno-missing-declarations -Wno-shadow -Wno-unused-parameter -Wno-unused-local-typedefs -Wno-sign-compare -Wno-sign-promo -Wno-undef -Wno-ignored-qualifiers -Wno-extra -Wno-unused-function -Wno-unused-const-variable -Wno-invalid-offsetof  -O3 -DNDEBUG  -DNDEBUG -fPIE   -Wno-enum-compare-switch -std=c++11 -o CMakeFiles/cmTC_54b52.dir/src.cxx.o -c /home/kanishk/Desktop/Autopilot/build/CMakeFiles/CMakeTmp/src.cxx
/home/kanishk/Desktop/Autopilot/build/CMakeFiles/CMakeTmp/src.cxx:1:0: warning: ignoring #pragma   [-Wunknown-pragmas]
 #pragma
 
cc1plus: warning: unrecognized command line option ‘-Wno-enum-compare-switch’
Linking CXX executable cmTC_54b52
/usr/bin/cmake -E cmake_link_script CMakeFiles/cmTC_54b52.dir/link.txt --verbose=1
/usr/bin/c++     -fsigned-char -W -Wall -Werror=return-type -Werror=non-virtual-dtor -Werror=address -Werror=sequence-point -Wformat -Werror=format-security -Winit-self -Wpointer-arith -Wuninitialized -Wsuggest-override -Wno-delete-non-virtual-dtor -Wno-comment -Wimplicit-fallthrough=3 -Wno-strict-overflow -fdiagnostics-show-option -Wno-long-long -pthread -fomit-frame-pointer -ffunction-sections -fdata-sections  -msse -msse2 -msse3 -fvisibility=hidden -fvisibility-inlines-hidden -Wno-deprecated -Wno-missing-declarations -Wno-shadow -Wno-unused-parameter -Wno-unused-local-typedefs -Wno-sign-compare -Wno-sign-promo -Wno-undef -Wno-ignored-qualifiers -Wno-extra -Wno-unused-function -Wno-unused-const-variable -Wno-invalid-offsetof  -O3 -DNDEBUG  -DNDEBUG    -Wl,--gc-sections -Wl,--as-needed  CMakeFiles/cmTC_54b52.dir/src.cxx.o  -o cmTC_54b52 
make[1]: Leaving directory '/home/kanishk/Desktop/Autopilot/build/CMakeFiles/CMakeTmp'

===== END =====

Determining if the include file sys/videoio.h exists failed with the following output:
Change Dir: /home/kanishk/Desktop/Autopilot/build/CMakeFiles/CMakeTmp

Run Build Command:"/usr/bin/make" "cmTC_4bc82/fast"
/usr/bin/make -f CMakeFiles/cmTC_4bc82.dir/build.make CMakeFiles/cmTC_4bc82.dir/build
make[1]: Entering directory '/home/kanishk/Desktop/Autopilot/build/CMakeFiles/CMakeTmp'
Building C object CMakeFiles/cmTC_4bc82.dir/CheckIncludeFile.c.o
/usr/bin/cc   -fsigned-char -W -Wall -Werror=return-type -Werror=address -Werror=sequence-point -Wformat -Werror=format-security -Wmissing-declarations -Wmissing-prototypes -Wstrict-prototypes -Wundef -Winit-self -Wpointer-arith -Wshadow -Wuninitialized -Wno-comment -Wimplicit-fallthrough=3 -Wno-strict-overflow -fdiagnostics-show-option -Wno-long-long -pthread -fomit-frame-pointer -ffunction-sections -fdata-sections  -msse -msse2 -msse3 -fvisibility=hidden  -O3 -DNDEBUG  -DNDEBUG -fPIE   -o CMakeFiles/cmTC_4bc82.dir/CheckIncludeFile.c.o   -c /home/kanishk/Desktop/Autopilot/build/CMakeFiles/CMakeTmp/CheckIncludeFile.c
/home/kanishk/Desktop/Autopilot/build/CMakeFiles/CMakeTmp/CheckIncludeFile.c:1:10: fatal error: sys/videoio.h: No such file or directory
 #include <sys/videoio.h>
          ^~~~~~~~~~~~~~~
compilation terminated.
CMakeFiles/cmTC_4bc82.dir/build.make:65: recipe for target 'CMakeFiles/cmTC_4bc82.dir/CheckIncludeFile.c.o' failed
make[1]: *** [CMakeFiles/cmTC_4bc82.dir/CheckIncludeFile.c.o] Error 1
make[1]: Leaving directory '/home/kanishk/Desktop/Autopilot/build/CMakeFiles/CMakeTmp'
Makefile:126: recipe for target 'cmTC_4bc82/fast' failed
make: *** [cmTC_4bc82/fast] Error 2


